<?xml version="1.0" encoding="UTF-8"?>
<!-- Generated by org.testng.reporters.JUnitXMLReporter -->
<testsuite ignored="0" hostname="DESKTOP-UM06P4R" failures="0" tests="4" name="Test" time="3.407" errors="0" timestamp="2025-02-17T19:08:50 IST">
  <testcase classname="com.sdetadda.allure.GetPostAllure" name="testcaseget" time="2.163"/>
  <testcase classname="com.sdetadda.allure.GetPostAllure" name="testcasepost" time="0.415"/>
  <testcase classname="com.sdetadda.allure.PutDeleteAllure" name="testcasedelete" time="0.427"/>
  <testcase classname="com.sdetadda.allure.PutDeleteAllure" name="testcaseput" time="0.312"/>
</testsuite> <!-- Test -->
